0 info it worked if it ends with ok
1 verbose cli [ '/usr/bin/node', '/usr/bin/npm', 'start' ]
2 info using npm@2.11.2
3 info using node@v0.12.5
4 verbose node symlink /usr/bin/node
5 verbose config Skipping project config: /home/jhunior/.npmrc. (matches userconfig)
6 verbose stack Error: ENOENT, open '/home/jhunior/package.json'
6 verbose stack     at Error (native)
7 verbose cwd /home/jhunior/Codigos útiles/MiriadaX/JavaScript/mod4/P2P
8 error Linux 3.16.0-41-generic
9 error argv "/usr/bin/node" "/usr/bin/npm" "start"
10 error node v0.12.5
11 error npm  v2.11.2
12 error path /home/jhunior/package.json
13 error code ENOENT
14 error errno -2
15 error enoent ENOENT, open '/home/jhunior/package.json'
15 error enoent This is most likely not a problem with npm itself
15 error enoent and is related to npm not being able to find a file.
16 verbose exit [ -2, true ]
